<?xml version="1.0" encoding="UTF-8"?>
<testsuite xmlns:xsi="http://www.w3.org/2001/XMLSchema-instance" xsi:noNamespaceSchemaLocation="https://maven.apache.org/surefire/maven-surefire-plugin/xsd/surefire-test-report-3.0.xsd" version="3.0" name="TestSuite" time="129.6" tests="8" errors="0" skipped="0" failures="0">
  <properties>
    <property name="java.specification.version" value="15"/>
    <property name="webdriver.chrome.driver" value="C:\Users\SAI CHARAN\eclipse\QEA21QE005_899190_Team6_Find_Travel_Insurance_Plan_for_Students\drivers\chromedriver.exe"/>
    <property name="sun.cpu.isalist" value="amd64"/>
    <property name="sun.jnu.encoding" value="Cp1252"/>
    <property name="java.class.path" value="C:\Users\SAI CHARAN\eclipse\QEA21QE005_899190_Team6_Find_Travel_Insurance_Plan_for_Students\target\test-classes;C:\Users\SAI CHARAN\eclipse\QEA21QE005_899190_Team6_Find_Travel_Insurance_Plan_for_Students\target\classes;C:\Users\SAI CHARAN\.m2\repository\org\seleniumhq\selenium\selenium-java\3.141.59\selenium-java-3.141.59.jar;C:\Users\SAI CHARAN\.m2\repository\org\seleniumhq\selenium\selenium-api\3.141.59\selenium-api-3.141.59.jar;C:\Users\SAI CHARAN\.m2\repository\org\seleniumhq\selenium\selenium-chrome-driver\3.141.59\selenium-chrome-driver-3.141.59.jar;C:\Users\SAI CHARAN\.m2\repository\org\seleniumhq\selenium\selenium-edge-driver\3.141.59\selenium-edge-driver-3.141.59.jar;C:\Users\SAI CHARAN\.m2\repository\org\seleniumhq\selenium\selenium-firefox-driver\3.141.59\selenium-firefox-driver-3.141.59.jar;C:\Users\SAI CHARAN\.m2\repository\org\seleniumhq\selenium\selenium-ie-driver\3.141.59\selenium-ie-driver-3.141.59.jar;C:\Users\SAI CHARAN\.m2\repository\org\seleniumhq\selenium\selenium-opera-driver\3.141.59\selenium-opera-driver-3.141.59.jar;C:\Users\SAI CHARAN\.m2\repository\org\seleniumhq\selenium\selenium-remote-driver\3.141.59\selenium-remote-driver-3.141.59.jar;C:\Users\SAI CHARAN\.m2\repository\org\seleniumhq\selenium\selenium-safari-driver\3.141.59\selenium-safari-driver-3.141.59.jar;C:\Users\SAI CHARAN\.m2\repository\org\seleniumhq\selenium\selenium-support\3.141.59\selenium-support-3.141.59.jar;C:\Users\SAI CHARAN\.m2\repository\net\bytebuddy\byte-buddy\1.8.15\byte-buddy-1.8.15.jar;C:\Users\SAI CHARAN\.m2\repository\org\apache\commons\commons-exec\1.3\commons-exec-1.3.jar;C:\Users\SAI CHARAN\.m2\repository\com\google\guava\guava\25.0-jre\guava-25.0-jre.jar;C:\Users\SAI CHARAN\.m2\repository\com\google\code\findbugs\jsr305\1.3.9\jsr305-1.3.9.jar;C:\Users\SAI CHARAN\.m2\repository\org\checkerframework\checker-compat-qual\2.0.0\checker-compat-qual-2.0.0.jar;C:\Users\SAI CHARAN\.m2\repository\com\google\errorprone\error_prone_annotations\2.1.3\error_prone_annotations-2.1.3.jar;C:\Users\SAI CHARAN\.m2\repository\com\google\j2objc\j2objc-annotations\1.1\j2objc-annotations-1.1.jar;C:\Users\SAI CHARAN\.m2\repository\org\codehaus\mojo\animal-sniffer-annotations\1.14\animal-sniffer-annotations-1.14.jar;C:\Users\SAI CHARAN\.m2\repository\com\squareup\okhttp3\okhttp\3.11.0\okhttp-3.11.0.jar;C:\Users\SAI CHARAN\.m2\repository\com\squareup\okio\okio\1.14.0\okio-1.14.0.jar;C:\Users\SAI CHARAN\.m2\repository\org\testng\testng\6.14.3\testng-6.14.3.jar;C:\Users\SAI CHARAN\.m2\repository\com\beust\jcommander\1.72\jcommander-1.72.jar;C:\Users\SAI CHARAN\.m2\repository\org\apache-extras\beanshell\bsh\2.0b6\bsh-2.0b6.jar;C:\Users\SAI CHARAN\.m2\repository\commons-io\commons-io\1.3.2\commons-io-1.3.2.jar;C:\Users\SAI CHARAN\.m2\repository\org\apache\poi\poi\4.1.0\poi-4.1.0.jar;C:\Users\SAI CHARAN\.m2\repository\commons-codec\commons-codec\1.12\commons-codec-1.12.jar;C:\Users\SAI CHARAN\.m2\repository\org\apache\commons\commons-collections4\4.3\commons-collections4-4.3.jar;C:\Users\SAI CHARAN\.m2\repository\org\apache\commons\commons-math3\3.6.1\commons-math3-3.6.1.jar;C:\Users\SAI CHARAN\.m2\repository\org\apache\poi\poi-ooxml\4.1.0\poi-ooxml-4.1.0.jar;C:\Users\SAI CHARAN\.m2\repository\org\apache\poi\poi-ooxml-schemas\4.1.0\poi-ooxml-schemas-4.1.0.jar;C:\Users\SAI CHARAN\.m2\repository\org\apache\xmlbeans\xmlbeans\3.1.0\xmlbeans-3.1.0.jar;C:\Users\SAI CHARAN\.m2\repository\org\apache\commons\commons-compress\1.18\commons-compress-1.18.jar;C:\Users\SAI CHARAN\.m2\repository\com\github\virtuald\curvesapi\1.06\curvesapi-1.06.jar;C:\Users\SAI CHARAN\.m2\repository\com\aventstack\extentreports\3.1.5\extentreports-3.1.5.jar;C:\Users\SAI CHARAN\.m2\repository\org\freemarker\freemarker\2.3.23\freemarker-2.3.23.jar;C:\Users\SAI CHARAN\.m2\repository\org\mongodb\mongodb-driver\3.3.0\mongodb-driver-3.3.0.jar;C:\Users\SAI CHARAN\.m2\repository\org\mongodb\bson\3.3.0\bson-3.3.0.jar;C:\Users\SAI CHARAN\.m2\repository\org\mongodb\mongodb-driver-core\3.3.0\mongodb-driver-core-3.3.0.jar;C:\Users\SAI CHARAN\.m2\repository\org\apache\httpcomponents\httpclient\4.5.2\httpclient-4.5.2.jar;C:\Users\SAI CHARAN\.m2\repository\org\apache\httpcomponents\httpcore\4.4.4\httpcore-4.4.4.jar;C:\Users\SAI CHARAN\.m2\repository\commons-logging\commons-logging\1.2\commons-logging-1.2.jar;C:\Users\SAI CHARAN\.m2\repository\org\apache\httpcomponents\httpmime\4.5.2\httpmime-4.5.2.jar;C:\Users\SAI CHARAN\.m2\repository\org\jsoup\jsoup\1.9.2\jsoup-1.9.2.jar;C:\Users\SAI CHARAN\.m2\repository\com\google\code\gson\gson\2.8.0\gson-2.8.0.jar;"/>
    <property name="java.vm.vendor" value="Oracle Corporation"/>
    <property name="sun.arch.data.model" value="64"/>
    <property name="user.variant" value=""/>
    <property name="java.vendor.url" value="https://java.oracle.com/"/>
    <property name="user.timezone" value="Asia/Calcutta"/>
    <property name="os.name" value="Windows 10"/>
    <property name="java.vm.specification.version" value="15"/>
    <property name="sun.java.launcher" value="SUN_STANDARD"/>
    <property name="user.country" value="IN"/>
    <property name="sun.boot.library.path" value="C:\Users\SAI CHARAN\eclipse\plugins\org.eclipse.justj.openjdk.hotspot.jre.full.win32.x86_64_15.0.1.v20201027-0507\jre\bin"/>
    <property name="sun.java.command" value="C:\Users\SAI CHARAN\AppData\Local\Temp\surefire8919045175851361363\surefirebooter12150814130412094841.jar C:\Users\SAI CHARAN\AppData\Local\Temp\surefire8919045175851361363 2021-04-20T18-10-19_999-jvmRun1 surefire1891528201027925756tmp surefire_017753163557647586613tmp"/>
    <property name="jdk.debug" value="release"/>
    <property name="surefire.test.class.path" value="C:\Users\SAI CHARAN\eclipse\QEA21QE005_899190_Team6_Find_Travel_Insurance_Plan_for_Students\target\test-classes;C:\Users\SAI CHARAN\eclipse\QEA21QE005_899190_Team6_Find_Travel_Insurance_Plan_for_Students\target\classes;C:\Users\SAI CHARAN\.m2\repository\org\seleniumhq\selenium\selenium-java\3.141.59\selenium-java-3.141.59.jar;C:\Users\SAI CHARAN\.m2\repository\org\seleniumhq\selenium\selenium-api\3.141.59\selenium-api-3.141.59.jar;C:\Users\SAI CHARAN\.m2\repository\org\seleniumhq\selenium\selenium-chrome-driver\3.141.59\selenium-chrome-driver-3.141.59.jar;C:\Users\SAI CHARAN\.m2\repository\org\seleniumhq\selenium\selenium-edge-driver\3.141.59\selenium-edge-driver-3.141.59.jar;C:\Users\SAI CHARAN\.m2\repository\org\seleniumhq\selenium\selenium-firefox-driver\3.141.59\selenium-firefox-driver-3.141.59.jar;C:\Users\SAI CHARAN\.m2\repository\org\seleniumhq\selenium\selenium-ie-driver\3.141.59\selenium-ie-driver-3.141.59.jar;C:\Users\SAI CHARAN\.m2\repository\org\seleniumhq\selenium\selenium-opera-driver\3.141.59\selenium-opera-driver-3.141.59.jar;C:\Users\SAI CHARAN\.m2\repository\org\seleniumhq\selenium\selenium-remote-driver\3.141.59\selenium-remote-driver-3.141.59.jar;C:\Users\SAI CHARAN\.m2\repository\org\seleniumhq\selenium\selenium-safari-driver\3.141.59\selenium-safari-driver-3.141.59.jar;C:\Users\SAI CHARAN\.m2\repository\org\seleniumhq\selenium\selenium-support\3.141.59\selenium-support-3.141.59.jar;C:\Users\SAI CHARAN\.m2\repository\net\bytebuddy\byte-buddy\1.8.15\byte-buddy-1.8.15.jar;C:\Users\SAI CHARAN\.m2\repository\org\apache\commons\commons-exec\1.3\commons-exec-1.3.jar;C:\Users\SAI CHARAN\.m2\repository\com\google\guava\guava\25.0-jre\guava-25.0-jre.jar;C:\Users\SAI CHARAN\.m2\repository\com\google\code\findbugs\jsr305\1.3.9\jsr305-1.3.9.jar;C:\Users\SAI CHARAN\.m2\repository\org\checkerframework\checker-compat-qual\2.0.0\checker-compat-qual-2.0.0.jar;C:\Users\SAI CHARAN\.m2\repository\com\google\errorprone\error_prone_annotations\2.1.3\error_prone_annotations-2.1.3.jar;C:\Users\SAI CHARAN\.m2\repository\com\google\j2objc\j2objc-annotations\1.1\j2objc-annotations-1.1.jar;C:\Users\SAI CHARAN\.m2\repository\org\codehaus\mojo\animal-sniffer-annotations\1.14\animal-sniffer-annotations-1.14.jar;C:\Users\SAI CHARAN\.m2\repository\com\squareup\okhttp3\okhttp\3.11.0\okhttp-3.11.0.jar;C:\Users\SAI CHARAN\.m2\repository\com\squareup\okio\okio\1.14.0\okio-1.14.0.jar;C:\Users\SAI CHARAN\.m2\repository\org\testng\testng\6.14.3\testng-6.14.3.jar;C:\Users\SAI CHARAN\.m2\repository\com\beust\jcommander\1.72\jcommander-1.72.jar;C:\Users\SAI CHARAN\.m2\repository\org\apache-extras\beanshell\bsh\2.0b6\bsh-2.0b6.jar;C:\Users\SAI CHARAN\.m2\repository\commons-io\commons-io\1.3.2\commons-io-1.3.2.jar;C:\Users\SAI CHARAN\.m2\repository\org\apache\poi\poi\4.1.0\poi-4.1.0.jar;C:\Users\SAI CHARAN\.m2\repository\commons-codec\commons-codec\1.12\commons-codec-1.12.jar;C:\Users\SAI CHARAN\.m2\repository\org\apache\commons\commons-collections4\4.3\commons-collections4-4.3.jar;C:\Users\SAI CHARAN\.m2\repository\org\apache\commons\commons-math3\3.6.1\commons-math3-3.6.1.jar;C:\Users\SAI CHARAN\.m2\repository\org\apache\poi\poi-ooxml\4.1.0\poi-ooxml-4.1.0.jar;C:\Users\SAI CHARAN\.m2\repository\org\apache\poi\poi-ooxml-schemas\4.1.0\poi-ooxml-schemas-4.1.0.jar;C:\Users\SAI CHARAN\.m2\repository\org\apache\xmlbeans\xmlbeans\3.1.0\xmlbeans-3.1.0.jar;C:\Users\SAI CHARAN\.m2\repository\org\apache\commons\commons-compress\1.18\commons-compress-1.18.jar;C:\Users\SAI CHARAN\.m2\repository\com\github\virtuald\curvesapi\1.06\curvesapi-1.06.jar;C:\Users\SAI CHARAN\.m2\repository\com\aventstack\extentreports\3.1.5\extentreports-3.1.5.jar;C:\Users\SAI CHARAN\.m2\repository\org\freemarker\freemarker\2.3.23\freemarker-2.3.23.jar;C:\Users\SAI CHARAN\.m2\repository\org\mongodb\mongodb-driver\3.3.0\mongodb-driver-3.3.0.jar;C:\Users\SAI CHARAN\.m2\repository\org\mongodb\bson\3.3.0\bson-3.3.0.jar;C:\Users\SAI CHARAN\.m2\repository\org\mongodb\mongodb-driver-core\3.3.0\mongodb-driver-core-3.3.0.jar;C:\Users\SAI CHARAN\.m2\repository\org\apache\httpcomponents\httpclient\4.5.2\httpclient-4.5.2.jar;C:\Users\SAI CHARAN\.m2\repository\org\apache\httpcomponents\httpcore\4.4.4\httpcore-4.4.4.jar;C:\Users\SAI CHARAN\.m2\repository\commons-logging\commons-logging\1.2\commons-logging-1.2.jar;C:\Users\SAI CHARAN\.m2\repository\org\apache\httpcomponents\httpmime\4.5.2\httpmime-4.5.2.jar;C:\Users\SAI CHARAN\.m2\repository\org\jsoup\jsoup\1.9.2\jsoup-1.9.2.jar;C:\Users\SAI CHARAN\.m2\repository\com\google\code\gson\gson\2.8.0\gson-2.8.0.jar;"/>
    <property name="sun.cpu.endian" value="little"/>
    <property name="user.home" value="C:\Users\SAI CHARAN"/>
    <property name="user.language" value="en"/>
    <property name="java.specification.vendor" value="Oracle Corporation"/>
    <property name="java.version.date" value="2020-10-20"/>
    <property name="java.home" value="C:\Users\SAI CHARAN\eclipse\plugins\org.eclipse.justj.openjdk.hotspot.jre.full.win32.x86_64_15.0.1.v20201027-0507\jre"/>
    <property name="file.separator" value="\"/>
    <property name="basedir" value="C:\Users\SAI CHARAN\eclipse\QEA21QE005_899190_Team6_Find_Travel_Insurance_Plan_for_Students"/>
    <property name="java.vm.compressedOopsMode" value="32-bit"/>
    <property name="line.separator" value="&#10;"/>
    <property name="java.vm.specification.vendor" value="Oracle Corporation"/>
    <property name="java.specification.name" value="Java Platform API Specification"/>
    <property name="surefire.real.class.path" value="C:\Users\SAI CHARAN\AppData\Local\Temp\surefire8919045175851361363\surefirebooter12150814130412094841.jar"/>
    <property name="user.script" value=""/>
    <property name="sun.management.compiler" value="HotSpot 64-Bit Tiered Compilers"/>
    <property name="java.runtime.version" value="15.0.1+9-18"/>
    <property name="user.name" value="SAI CHARAN"/>
    <property name="path.separator" value=";"/>
    <property name="os.version" value="10.0"/>
    <property name="java.runtime.name" value="OpenJDK Runtime Environment"/>
    <property name="file.encoding" value="Cp1252"/>
    <property name="java.vm.name" value="OpenJDK 64-Bit Server VM"/>
    <property name="localRepository" value="C:\Users\SAI CHARAN\.m2\repository"/>
    <property name="java.vendor.url.bug" value="https://bugreport.java.com/bugreport/"/>
    <property name="java.io.tmpdir" value="C:\Users\SAICHA~1\AppData\Local\Temp\"/>
    <property name="java.version" value="15.0.1"/>
    <property name="user.dir" value="C:\Users\SAI CHARAN\eclipse\QEA21QE005_899190_Team6_Find_Travel_Insurance_Plan_for_Students"/>
    <property name="os.arch" value="amd64"/>
    <property name="java.vm.specification.name" value="Java Virtual Machine Specification"/>
    <property name="sun.os.patch.level" value=""/>
    <property name="java.library.path" value="C:\Users\SAI CHARAN\eclipse\plugins\org.eclipse.justj.openjdk.hotspot.jre.full.win32.x86_64_15.0.1.v20201027-0507\jre\bin;C:\WINDOWS\Sun\Java\bin;C:\WINDOWS\system32;C:\WINDOWS;C:/Users/SAI CHARAN/eclipse//plugins/org.eclipse.justj.openjdk.hotspot.jre.full.win32.x86_64_15.0.1.v20201027-0507/jre/bin/server;C:/Users/SAI CHARAN/eclipse//plugins/org.eclipse.justj.openjdk.hotspot.jre.full.win32.x86_64_15.0.1.v20201027-0507/jre/bin;C:\Program Files (x86)\Common Files\Oracle\Java\javapath;C:\Program Files (x86)\Intel\Intel(R) Management Engine Components\iCLS\;C:\Program Files\Intel\Intel(R) Management Engine Components\iCLS\;C:\Program Files (x86)\Cuminas\Document Express DjVu Plug-in\;C:\WINDOWS\system32;C:\WINDOWS;C:\WINDOWS\System32\Wbem;C:\WINDOWS\System32\WindowsPowerShell\v1.0\;C:\WINDOWS\System32\OpenSSH\;C:\Program Files (x86)\Intel\Intel(R) Management Engine Components\DAL;C:\Program Files\Intel\Intel(R) Management Engine Components\DAL;C:\Program Files\Intel\WiFi\bin\;C:\Program Files\Common Files\Intel\WirelessCommon\;C:\Users\SAI CHARAN\apache-maven-3.6.3\bin;C:\Users\SAI CHARAN\AppData\Local\Programs\Python\Python37\Scripts\;C:\Users\SAI CHARAN\AppData\Local\Programs\Python\Python37\;C:\Users\SAI CHARAN\AppData\Local\Microsoft\WindowsApps;C:\Program Files\Intel\WiFi\bin\;C:\Program Files\Common Files\Intel\WirelessCommon\;C:\Program Files\Java\jdk1.8.0_201\bin;C:\Users\SAI CHARAN\apache-maven-3.6.3\bin;C:\Program Files\Java\jdk1.8.0_201\bin;;C:\Users\SAI CHARAN\eclipse;;."/>
    <property name="java.vm.info" value="mixed mode"/>
    <property name="java.vendor" value="Oracle Corporation"/>
    <property name="java.vm.version" value="15.0.1+9-18"/>
    <property name="sun.io.unicode.encoding" value="UnicodeLittle"/>
    <property name="java.class.version" value="59.0"/>
  </properties>
  <testcase name="openWebSite" classname="testCases.PolicyBazaarTestCases" time="6.497">
    <system-out><![CDATA[[TestNGContentHandler] [WARN] It is strongly recommended to add "<!DOCTYPE suite SYSTEM "http://testng.org/testng-1.0.dtd" >" at the top of your file, otherwise TestNG may fail or not work as expected.
]]></system-out>
    <system-err><![CDATA[Starting ChromeDriver 89.0.4389.23 (61b08ee2c50024bab004e48d2b1b083cdbdac579-refs/branch-heads/4389@{#294}) on port 42861
Only local connections are allowed.
Please see https://chromedriver.chromium.org/security-considerations for suggestions on keeping ChromeDriver safe.
ChromeDriver was started successfully.
Apr 20, 2021 6:10:24 PM org.openqa.selenium.remote.ProtocolHandshake createSession
INFO: Detected dialect: W3C
]]></system-err>
  </testcase>
  <testcase name="displayLowestTravelPlans[{Start Date=19/05/2021, Traveller Mail ID=sathish@gmail.com, End Date=07/06/2021, Traveller Name=Mr. Sathish, Traveller Phone=9876543210, Country=Germany, Age 2=22, Age 1=21}](1)" classname="testCases.PolicyBazaarTestCases" time="22.647">
    <system-out><![CDATA[1: Insurance Provider's Name: Reliance
Amount: 2,363
********
2: Insurance Provider's Name: Bajaj
Amount: 2,436
********
3: Insurance Provider's Name: Religare
Amount: 2,953
********
]]></system-out>
  </testcase>
  <testcase name="displayLowestTravelPlans[{Start Date=19/05/2021, Traveller Mail ID=srihari@gmail.com, End Date=08/06/2021, Traveller Name=Mr. Sri hari, Traveller Phone=9879876565, Country=France, Age 2=22, Age 1=22}](2)" classname="testCases.PolicyBazaarTestCases" time="19.876">
    <system-out><![CDATA[1: Insurance Provider's Name: Reliance
Amount: 2,363
********
2: Insurance Provider's Name: Bajaj
Amount: 2,436
********
3: Insurance Provider's Name: Religare
Amount: 2,953
********
]]></system-out>
  </testcase>
  <testcase name="displayLowestTravelPlans[{Start Date=20/05/2021, Traveller Mail ID=rakesh@gmail.com, End Date=09/06/2021, Traveller Name=Mr. Rakesh, Traveller Phone=9876543210, Country=Italy, Age 2=21, Age 1=21}](3)" classname="testCases.PolicyBazaarTestCases" time="19.785">
    <system-out><![CDATA[1: Insurance Provider's Name: Reliance
Amount: 2,363
********
2: Insurance Provider's Name: Bajaj
Amount: 2,436
********
3: Insurance Provider's Name: Religare
Amount: 2,953
********
]]></system-out>
  </testcase>
  <testcase name="getErrorForInvalidDetails[{Owner Name=Rama Krishna, Owner Phone=9876543210, Fuel Variant=Petrol, RTO &amp; City Name=MH01, Owner Email=ramakrish.com, Model Variant=2.4, Car Name=HONDA }](1)" classname="testCases.PolicyBazaarTestCases" time="19.341"/>
  <testcase name="getErrorForInvalidDetails[{Owner Name=Rama Raju, Owner Phone=9876543210, Fuel Variant=Petrol, RTO &amp; City Name=MH02, Owner Email=ram@.com, Model Variant=1.6, Car Name=HONDA }](2)" classname="testCases.PolicyBazaarTestCases" time="18.277"/>
  <testcase name="getErrorForInvalidDetails[{Owner Name=sri, Owner Phone=9876565432, Fuel Variant=Petrol, RTO &amp; City Name=MH02, Owner Email=sri@/gmail.co, Model Variant=2.3, Car Name=HONDA}](3)" classname="testCases.PolicyBazaarTestCases" time="17.835"/>
  <testcase name="HealthInsuranceMenuList" classname="testCases.PolicyBazaarTestCases" time="2.491">
    <system-out><![CDATA[Family Health Insurance
Senior Citizen Health Insurance
Coronavirus Health Insurance
Arogya Sanjeevani Policy
Critical Illness Insurance
Mediclaim Policy
Best Health Insurance Plans
Health Insurance Claim
Health Insurance Calculator
]]></system-out>
  </testcase>
</testsuite>