<?xml version="1.0" encoding="UTF-8"?>
<!-- Generated by org.testng.reporters.JUnitReportReporter -->
<testsuite hostname="LAPTOP-96D9QS6B" failures="0" tests="8" name="testCases.DisplayThreeLowestTravelPlans" time="149.071" errors="0" timestamp="19 Apr 2021 05:10:23 GMT" skipped="0">
  <testcase classname="testCases.DisplayThreeLowestTravelPlans" name="openWebSite" time="9.871"/>
  <testcase classname="testCases.DisplayThreeLowestTravelPlans" name="displayLowestTravelPlans" time="25.052"/>
  <testcase classname="testCases.DisplayThreeLowestTravelPlans" name="displayLowestTravelPlans" time="28.649"/>
  <testcase classname="testCases.DisplayThreeLowestTravelPlans" name="displayLowestTravelPlans" time="22.871"/>
  <testcase classname="testCases.DisplayThreeLowestTravelPlans" name="getErrorForInvalidDetails" time="18.787"/>
  <testcase classname="testCases.DisplayThreeLowestTravelPlans" name="getErrorForInvalidDetails" time="18.902"/>
  <testcase classname="testCases.DisplayThreeLowestTravelPlans" name="getErrorForInvalidDetails" time="21.599"/>
  <testcase classname="testCases.DisplayThreeLowestTravelPlans" name="getInsuranceNameList" time="3.340"/>
</testsuite> <!-- testCases.DisplayThreeLowestTravelPlans -->
