<?xml version="1.0" encoding="UTF-8"?>
<!-- Generated by org.testng.reporters.JUnitReportReporter -->
<testsuite hostname="LAPTOP-96D9QS6B" failures="0" tests="1" name="testCases.GetInsuranceNameList" time="9.005" errors="0" timestamp="16 Apr 2021 13:09:12 GMT" skipped="0">
  <testcase classname="testCases.GetInsuranceNameList" name="getInsuranceNameList" time="9.005"/>
</testsuite> <!-- testCases.GetInsuranceNameList -->
