<?xml version="1.0" encoding="UTF-8"?>
<!-- Generated by org.testng.reporters.JUnitReportReporter -->
<testsuite skipped="0" hostname="LAPTOP-5LS33F06" name="testCases.PolicyBazaarTestCases" tests="8" failures="0" timestamp="11 May 2021 15:38:58 GMT" time="145.780" errors="0">
  <testcase name="openWebSite" time="12.992" classname="testCases.PolicyBazaarTestCases"/>
  <testcase name="displayLowestTravelPlans" time="21.564" classname="testCases.PolicyBazaarTestCases"/>
  <testcase name="displayLowestTravelPlans" time="21.297" classname="testCases.PolicyBazaarTestCases"/>
  <testcase name="displayLowestTravelPlans" time="27.734" classname="testCases.PolicyBazaarTestCases"/>
  <testcase name="getErrorForInvalidDetails" time="22.378" classname="testCases.PolicyBazaarTestCases"/>
  <testcase name="getErrorForInvalidDetails" time="18.269" classname="testCases.PolicyBazaarTestCases"/>
  <testcase name="getErrorForInvalidDetails" time="17.915" classname="testCases.PolicyBazaarTestCases"/>
  <testcase name="HealthInsuranceMenuList" time="3.631" classname="testCases.PolicyBazaarTestCases"/>
</testsuite> <!-- testCases.PolicyBazaarTestCases -->
