<?xml version="1.0" encoding="UTF-8"?>
<!-- Generated by org.testng.reporters.JUnitReportReporter -->
<testsuite hostname="LAPTOP-96D9QS6B" failures="0" tests="1" name="testCases.HealthInsuranceMenuList" time="8.785" errors="0" timestamp="17 Apr 2021 05:55:05 GMT" skipped="0">
  <testcase classname="testCases.HealthInsuranceMenuList" name="getInsuranceNameList" time="8.785"/>
</testsuite> <!-- testCases.HealthInsuranceMenuList -->
