<?xml version="1.0" encoding="UTF-8"?>
<!-- Generated by org.testng.reporters.JUnitReportReporter -->
<testsuite hostname="LAPTOP-96D9QS6B" failures="0" tests="3" name="testCases.GetErrorInCarInsuranceForm" time="74.911" errors="0" timestamp="17 Apr 2021 05:55:05 GMT" skipped="0">
  <testcase classname="testCases.GetErrorInCarInsuranceForm" name="getErrorForInvalidDetails" time="30.114"/>
  <testcase classname="testCases.GetErrorInCarInsuranceForm" name="getErrorForInvalidDetails" time="21.910"/>
  <testcase classname="testCases.GetErrorInCarInsuranceForm" name="getErrorForInvalidDetails" time="22.887"/>
</testsuite> <!-- testCases.GetErrorInCarInsuranceForm -->
