<?xml version="1.0" encoding="UTF-8"?>
<!-- Generated by org.testng.reporters.JUnitReportReporter -->
<testsuite hostname="LAPTOP-96D9QS6B" failures="0" tests="8" name="testCases.PolicyBazaarTestCases" time="126.675" errors="0" timestamp="20 Apr 2021 12:42:30 GMT" skipped="0">
  <testcase classname="testCases.PolicyBazaarTestCases" name="openWebSite" time="6.476"/>
  <testcase classname="testCases.PolicyBazaarTestCases" name="displayLowestTravelPlans" time="19.877"/>
  <testcase classname="testCases.PolicyBazaarTestCases" name="displayLowestTravelPlans" time="22.643"/>
  <testcase classname="testCases.PolicyBazaarTestCases" name="displayLowestTravelPlans" time="19.739"/>
  <testcase classname="testCases.PolicyBazaarTestCases" name="getErrorForInvalidDetails" time="18.278"/>
  <testcase classname="testCases.PolicyBazaarTestCases" name="getErrorForInvalidDetails" time="19.340"/>
  <testcase classname="testCases.PolicyBazaarTestCases" name="getErrorForInvalidDetails" time="17.837"/>
  <testcase classname="testCases.PolicyBazaarTestCases" name="HealthInsuranceMenuList" time="2.485"/>
</testsuite> <!-- testCases.PolicyBazaarTestCases -->
