<?xml version="1.0" encoding="UTF-8"?>
<!-- Generated by org.testng.reporters.JUnitReportReporter -->
<testsuite hostname="LAPTOP-LTBR06AT" failures="0" tests="3" name="testCases.DisplayThreeLowestTravelPlans" time="71.576" errors="0" timestamp="30 Mar 2021 06:20:35 GMT" skipped="0">
  <testcase classname="testCases.DisplayThreeLowestTravelPlans" name="displayLowestTravelPlans" time="28.610"/>
  <testcase classname="testCases.DisplayThreeLowestTravelPlans" name="displayLowestTravelPlans" time="22.176"/>
  <testcase classname="testCases.DisplayThreeLowestTravelPlans" name="displayLowestTravelPlans" time="20.790"/>
</testsuite> <!-- testCases.DisplayThreeLowestTravelPlans -->
