<?xml version="1.0" encoding="UTF-8"?>
<!-- Generated by org.testng.reporters.JUnitReportReporter -->
<testsuite hostname="LAPTOP-LTBR06AT" failures="0" tests="3" name="testCases.GetErrorInCarInsuranceForm" time="67.446" errors="0" timestamp="30 Mar 2021 06:20:35 GMT" skipped="0">
  <testcase classname="testCases.GetErrorInCarInsuranceForm" name="getErrorForInvalidDetails" time="19.747"/>
  <testcase classname="testCases.GetErrorInCarInsuranceForm" name="getErrorForInvalidDetails" time="25.311"/>
  <testcase classname="testCases.GetErrorInCarInsuranceForm" name="getErrorForInvalidDetails" time="22.388"/>
</testsuite> <!-- testCases.GetErrorInCarInsuranceForm -->
