<?xml version="1.0" encoding="UTF-8"?>
<!-- Generated by org.testng.reporters.JUnitReportReporter -->
<testsuite hostname="LAPTOP-LTBR06AT" failures="0" tests="1" name="testCases.GetInsuranceNameList" time="10.036" errors="0" timestamp="30 Mar 2021 06:20:35 GMT" skipped="0">
  <testcase classname="testCases.GetInsuranceNameList" name="getInsuranceNameList" time="10.036"/>
</testsuite> <!-- testCases.GetInsuranceNameList -->
